


          SolidWorks Corporation - STEP Processor Error Log
          ______________________________________________________

                       STEP Post Processor
                       ___________________


STEP File Name: D:\Project\Connected_Project\FreLight_ESP\3D_Model\PCB\3D_PCB_FreLight_2023-08-09.step



Error: 不支持此实体类型。
STEP-in 无法成功完成

Error: 不支持此实体类型。
STEP-in 无法成功完成

Error: 不支持此实体类型。
STEP-in 无法成功完成

Error: 不支持此实体类型。
STEP-in 无法成功完成

Error: 不支持此实体类型。
STEP-in 无法成功完成

Error: 不支持此实体类型。
STEP-in 无法成功完成

Error: 不支持此实体类型。
STEP-in 无法成功完成

Error: 不支持此实体类型。
STEP-in 无法成功完成

Error: 不支持此实体类型。
STEP-in 无法成功完成

Error: 不支持此实体类型。
STEP-in 无法成功完成

Error: 不支持此实体类型。
STEP-in 无法成功完成

Error: 不支持此实体类型。
STEP-in 无法成功完成

Error: 不支持此实体类型。
STEP-in 无法成功完成

Error: 不支持此实体类型。
STEP-in 无法成功完成

Error: 不支持此实体类型。
STEP-in 无法成功完成

Error: 不支持此实体类型。
STEP-in 无法成功完成

Error: 不支持此实体类型。
STEP-in 无法成功完成

Error: 不支持此实体类型。
STEP-in 无法成功完成

Error: 不支持此实体类型。
STEP-in 无法成功完成

Error: 不支持此实体类型。
STEP-in 无法成功完成

Error: 不支持此实体类型。
STEP-in 无法成功完成

Error: 不支持此实体类型。
STEP-in 无法成功完成

Error: 不支持此实体类型。
STEP-in 无法成功完成

Error: 不支持此实体类型。
STEP-in 无法成功完成

Error: 不支持此实体类型。
STEP-in 无法成功完成

Error: 不支持此实体类型。
STEP-in 无法成功完成

Error: 不支持此实体类型。
STEP-in 无法成功完成

Error: 不支持此实体类型。
STEP-in 无法成功完成

Error: 不支持此实体类型。
STEP-in 无法成功完成

Error: 不支持此实体类型。
STEP-in 无法成功完成

Error: 不支持此实体类型。
STEP-in 无法成功完成

Error: 不支持此实体类型。
STEP-in 无法成功完成

Error: 不支持此实体类型。
STEP-in 无法成功完成

Error: 不支持此实体类型。
STEP-in 无法成功完成

Error: 不支持此实体类型。
STEP-in 无法成功完成

Error: 不支持此实体类型。
STEP-in 无法成功完成

Error: 不支持此实体类型。
STEP-in 无法成功完成

Error: 不支持此实体类型。
STEP-in 无法成功完成

Error: 不支持此实体类型。
STEP-in 无法成功完成

Error: 不支持此实体类型。
STEP-in 无法成功完成

Error: 不支持此实体类型。
STEP-in 无法成功完成

Error: 不支持此实体类型。
STEP-in 无法成功完成

Error: 不支持此实体类型。
STEP-in 无法成功完成

Error: 不支持此实体类型。
STEP-in 无法成功完成

Error: 不支持此实体类型。
STEP-in 无法成功完成

Error: 不支持此实体类型。
STEP-in 无法成功完成

Error: 不支持此实体类型。
STEP-in 无法成功完成

Error: 不支持此实体类型。
STEP-in 无法成功完成

Error: 不支持此实体类型。
STEP-in 无法成功完成

Error: 不支持此实体类型。
STEP-in 无法成功完成

Error: 不支持此实体类型。
STEP-in 无法成功完成

Error: 不支持此实体类型。
STEP-in 无法成功完成

Error: 不支持此实体类型。
STEP-in 无法成功完成

Error: 不支持此实体类型。
STEP-in 无法成功完成

Error: 不支持此实体类型。
STEP-in 无法成功完成

Error: 不支持此实体类型。
STEP-in 无法成功完成

Error: 不支持此实体类型。
STEP-in 无法成功完成

Error: 不支持此实体类型。
STEP-in 无法成功完成

Error: 不支持此实体类型。
STEP-in 无法成功完成

Error: 不支持此实体类型。
STEP-in 无法成功完成

Error: 不支持此实体类型。
STEP-in 无法成功完成

Error: 不支持此实体类型。
STEP-in 无法成功完成

Error: 不支持此实体类型。
STEP-in 无法成功完成

Error: 不支持此实体类型。
STEP-in 无法成功完成

Error: 不支持此实体类型。
STEP-in 无法成功完成

Error: 不支持此实体类型。
STEP-in 无法成功完成

Error: 不支持此实体类型。
STEP-in 无法成功完成

Error: 不支持此实体类型。
STEP-in 无法成功完成

Error: 不支持此实体类型。
STEP-in 无法成功完成

Error: 不支持此实体类型。
STEP-in 无法成功完成

Error: 不支持此实体类型。
STEP-in 无法成功完成

Error: 不支持此实体类型。
STEP-in 无法成功完成

Error: 不支持此实体类型。
STEP-in 无法成功完成

Error: 不支持此实体类型。
STEP-in 无法成功完成

Error: 不支持此实体类型。
STEP-in 无法成功完成

Error: 不支持此实体类型。
STEP-in 无法成功完成
曲面已成功地形成实体。
STEP-in 完成曲面已成功地形成实体。
STEP-in 完成曲面已成功地形成实体。
STEP-in 完成曲面已成功地形成实体。
STEP-in 完成曲面已成功地形成实体。
STEP-in 完成
Error: 无法从剪裁的曲面生成实体。
STEP-in 无法成功完成
曲面已成功地形成实体。
STEP-in 完成
Error: 无法从剪裁的曲面生成实体。
STEP-in 无法成功完成
曲面已成功地形成实体。
STEP-in 完成曲面已成功地形成实体。
STEP-in 完成曲面已成功地形成实体。
STEP-in 完成曲面已成功地形成实体。
STEP-in 完成曲面已成功地形成实体。
STEP-in 完成曲面已成功地形成实体。
STEP-in 完成曲面已成功地形成实体。
STEP-in 完成曲面已成功地形成实体。
STEP-in 完成曲面已成功地形成实体。
STEP-in 完成曲面已成功地形成实体。
STEP-in 完成曲面已成功地形成实体。
STEP-in 完成曲面已成功地形成实体。
STEP-in 完成曲面已成功地形成实体。
STEP-in 完成曲面已成功地形成实体。
STEP-in 完成曲面已成功地形成实体。
STEP-in 完成曲面已成功地形成实体。
STEP-in 完成曲面已成功地形成实体。
STEP-in 完成曲面已成功地形成实体。
STEP-in 完成曲面已成功地形成实体。
STEP-in 完成曲面已成功地形成实体。
STEP-in 完成曲面已成功地形成实体。
STEP-in 完成曲面已成功地形成实体。
STEP-in 完成曲面已成功地形成实体。
STEP-in 完成曲面已成功地形成实体。
STEP-in 完成曲面已成功地形成实体。
STEP-in 完成曲面已成功地形成实体。
STEP-in 完成曲面已成功地形成实体。
STEP-in 完成曲面已成功地形成实体。
STEP-in 完成曲面已成功地形成实体。
STEP-in 完成曲面已成功地形成实体。
STEP-in 完成曲面已成功地形成实体。
STEP-in 完成曲面已成功地形成实体。
STEP-in 完成曲面已成功地形成实体。
STEP-in 完成曲面已成功地形成实体。
STEP-in 完成曲面已成功地形成实体。
STEP-in 完成曲面已成功地形成实体。
STEP-in 完成曲面已成功地形成实体。
STEP-in 完成曲面已成功地形成实体。
STEP-in 完成曲面已成功地形成实体。
STEP-in 完成曲面已成功地形成实体。
STEP-in 完成曲面已成功地形成实体。
STEP-in 完成曲面已成功地形成实体。
STEP-in 完成曲面已成功地形成实体。
STEP-in 完成曲面已成功地形成实体。
STEP-in 完成曲面已成功地形成实体。
STEP-in 完成曲面已成功地形成实体。
STEP-in 完成曲面已成功地形成实体。
STEP-in 完成曲面已成功地形成实体。
STEP-in 完成曲面已成功地形成实体。
STEP-in 完成曲面已成功地形成实体。
STEP-in 完成曲面已成功地形成实体。
STEP-in 完成曲面已成功地形成实体。
STEP-in 完成曲面已成功地形成实体。
STEP-in 完成曲面已成功地形成实体。
STEP-in 完成曲面已成功地形成实体。
STEP-in 完成曲面已成功地形成实体。
STEP-in 完成曲面已成功地形成实体。
STEP-in 完成曲面已成功地形成实体。
STEP-in 完成曲面已成功地形成实体。
STEP-in 完成曲面已成功地形成实体。
STEP-in 完成曲面已成功地形成实体。
STEP-in 完成曲面已成功地形成实体。
STEP-in 完成曲面已成功地形成实体。
STEP-in 完成曲面已成功地形成实体。
STEP-in 完成曲面已成功地形成实体。
STEP-in 完成曲面已成功地形成实体。
STEP-in 完成曲面已成功地形成实体。
STEP-in 完成曲面已成功地形成实体。
STEP-in 完成曲面已成功地形成实体。
STEP-in 完成曲面已成功地形成实体。
STEP-in 完成曲面已成功地形成实体。
STEP-in 完成